[0;34m========================================[0m
[0;34m   STARTER KIT SETUP (Phase 306-310)   [0m
[0;34m========================================[0m

[1;33m[1/6][0m Creating database migration for bundle products...
[0;32m✓[0m Migration file created: /d/Project Website/Website CekKirim.com/Kirimdotcom/src/utils/supabase/migrations/20241227_starter_kit_bundles.sql

[1;33m[2/6][0m Creating discount calculation utility...
[0;32m✓[0m Discount engine created: /d/Project Website/Website CekKirim.com/Kirimdotcom/src/utils/bundleDiscountEngine.ts

[1;33m[3/6][0m Creating testimonial component...
[0;32m✓[0m Testimonial component created

[1;33m[4/6][0m Creating bundle pricing card...
[0;32m✓[0m Pricing card component created

[1;33m[5/6][0m Creating /starter-kit landing page...
[0;32m✓[0m Starter kit landing page created

[1;33m[6/6][0m Creating server actions...
[0;32m✓[0m Server actions created

[0;34m========================================[0m
[0;32m✅ SETUP COMPLETE![0m
[0;34m========================================[0m

[1;33m📦 Created Files:[0m
  1. Database Migration: /d/Project Website/Website CekKirim.com/Kirimdotcom/src/utils/supabase/migrations/20241227_starter_kit_bundles.sql
  2. Discount Engine: /d/Project Website/Website CekKirim.com/Kirimdotcom/src/utils/bundleDiscountEngine.ts
  3. Testimonial Component: /d/Project Website/Website CekKirim.com/Kirimdotcom/src/components/starter-kit/TestimonialSection.tsx
  4. Pricing Card Component: /d/Project Website/Website CekKirim.com/Kirimdotcom/src/components/starter-kit/BundlePricingCard.tsx
  5. Landing Page: /d/Project Website/Website CekKirim.com/Kirimdotcom/src/app/starter-kit/page.tsx
  6. Server Actions: /d/Project Website/Website CekKirim.com/Kirimdotcom/src/app/actions/bundleActions.ts

[1;33m🚀 Next Steps:[0m
  1. Run migration: supabase db push
  2. Visit: http://localhost:3000/starter-kit
  3. Customize testimonials in database
  4. Integrate payment gateway (Midtrans/Xendit)
  5. Set up fulfillment automation

[0;32m🎯 Features Implemented:[0m
  ✅ Bundle discount engine (30% off)
  ✅ Sales landing page with copywriting
  ✅ Dummy testimonials (5 reviews)
  ✅ ACID-compliant purchase flow
  ✅ Stock management
  ✅ Auto-calculation savings

[0;34m========================================[0m
[0;32mHappy Selling! 💰[0m
[0;34m========================================[0m
./scripts/setup-starter-kit.sh: line 1106: EOF: command not found
